<?xml version="1.0" encoding="UTF-8"?>
<!-- Generated by org.testng.reporters.JUnitReportReporter -->
<testsuite hostname="DESKTOP-3IU1GUE" failures="0" tests="1" name="com.xndev.testScripts.AnagramTest" time="0.334" errors="0" timestamp="08 May 2021 09:38:03 GMT" skipped="0">
  <testcase classname="com.xndev.testScripts.AnagramTest" name="checkAnagram" time="0.334"/>
</testsuite> <!-- com.xndev.testScripts.AnagramTest -->
