<?xml version="1.0" encoding="UTF-8"?>
<!-- Generated by org.testng.reporters.JUnitReportReporter -->
<testsuite hostname="DESKTOP-3IU1GUE" failures="0" tests="1" name="com.xndev.testScripts.PalindromTest" time="0.298" errors="0" timestamp="08 May 2021 09:36:34 GMT" skipped="0">
  <testcase classname="com.xndev.testScripts.PalindromTest" name="checkPalindrom" time="0.298"/>
</testsuite> <!-- com.xndev.testScripts.PalindromTest -->
